<?xml version="1.0" encoding="UTF-8"?>
<!-- Generated by org.testng.reporters.JUnitReportReporter -->
<testsuite skipped="0" hostname="LAB10PF0X5ZFF" name="eobf.Application" tests="1" failures="0" timestamp="22 Mar 2018 12:50:51 GMT" time="0.433" errors="0">
  <testcase name="application" time="0.433" classname="eobf.Application"/>
</testsuite> <!-- eobf.Application -->
