<?xml version="1.0" encoding="UTF-8"?>
<!-- Generated by org.testng.reporters.JUnitReportReporter -->
<testsuite skipped="0" hostname="LAB10PF0X5ZFF" name="seriti.Application" tests="1" failures="0" timestamp="11 Apr 2018 12:48:00 GMT" time="40.473" errors="0">
  <testcase name="application" time="40.473" classname="seriti.Application"/>
</testsuite> <!-- seriti.Application -->
