<?xml version="1.0" encoding="UTF-8"?>
<!-- Generated by org.testng.reporters.JUnitReportReporter -->
<testsuite skipped="0" hostname="LAB10PF0X5ZFF" name="sap.ReverseContract" tests="1" failures="0" timestamp="30 May 2018 10:54:29 GMT" time="3509.135" errors="0">
  <testcase name="individual" time="3509.135" classname="sap.ReverseContract"/>
</testsuite> <!-- sap.ReverseContract -->
