<?xml version="1.0" encoding="UTF-8"?>
<!-- Generated by org.testng.reporters.JUnitReportReporter -->
<testsuite skipped="0" hostname="LAB10PF0X5ZFF" name="sap.Sap" tests="1" failures="0" timestamp="24 May 2018 11:52:11 GMT" time="9.607" errors="0">
  <testcase name="individual" time="9.607" classname="sap.Sap"/>
</testsuite> <!-- sap.Sap -->
