<?xml version="1.0" encoding="UTF-8"?>
<!-- Generated by org.testng.reporters.JUnitReportReporter -->
<testsuite skipped="0" hostname="LAB10PF0X5ZFF" name="seriti.Application" tests="1" failures="0" timestamp="03 Apr 2018 08:04:10 GMT" time="0.431" errors="0">
  <testcase name="application" time="0.431" classname="seriti.Application"/>
</testsuite> <!-- seriti.Application -->
