<?xml version="1.0" encoding="UTF-8"?>
<!-- Generated by org.testng.reporters.JUnitReportReporter -->
<testsuite skipped="0" hostname="LAB10PF0X5ZFF" name="eobfglobal.GlobalApplication" tests="1" failures="0" timestamp="01 May 2018 11:28:03 GMT" time="3.715" errors="0">
  <testcase name="application" time="3.715" classname="eobfglobal.GlobalApplication"/>
</testsuite> <!-- eobfglobal.GlobalApplication -->
