<?xml version="1.0" encoding="UTF-8"?>
<!-- Generated by org.testng.reporters.JUnitReportReporter -->
<testsuite skipped="0" hostname="LAB10PF0X5ZFF" name="eobf.TC_2" tests="1" failures="0" timestamp="08 Mar 2018 11:40:31 GMT" time="10.651" errors="0">
  <testcase name="individualApplication" time="10.651" classname="eobf.TC_2"/>
</testsuite> <!-- eobf.TC_2 -->
