<?xml version="1.0" encoding="UTF-8"?>
<!-- Generated by org.testng.reporters.JUnitReportReporter -->
<testsuite skipped="0" hostname="LAB10PF0X5ZFF" name="eobfglobal.GlobalApplication" tests="1" failures="0" timestamp="10 May 2018 11:53:24 GMT" time="4.379" errors="0">
  <testcase name="application" time="4.379" classname="eobfglobal.GlobalApplication"/>
</testsuite> <!-- eobfglobal.GlobalApplication -->
