<?xml version="1.0" encoding="UTF-8"?>
<!-- Generated by org.testng.reporters.JUnitReportReporter -->
<testsuite skipped="0" hostname="LAB10PF0X5ZFF" name="SAP.Application" tests="1" failures="0" timestamp="01 Feb 2018 10:07:25 GMT" time="12.358" errors="0">
  <testcase name="sapApplication" time="12.358" classname="SAP.Application"/>
</testsuite> <!-- SAP.Application -->
