<?xml version="1.0" encoding="UTF-8"?>
<!-- Generated by org.testng.reporters.JUnitReportReporter -->
<testsuite skipped="0" hostname="LAB10PF0X5ZFF" name="ESP.TC1" tests="1" failures="0" timestamp="07 Nov 2017 08:59:27 GMT" time="2.188" errors="0">
  <testcase name="espNAV" time="2.188" classname="ESP.TC1"/>
</testsuite> <!-- ESP.TC1 -->
