<?xml version="1.0" encoding="UTF-8"?>
<!-- Generated by org.testng.reporters.JUnitReportReporter -->
<testsuite skipped="0" hostname="LAB10PF0X5ZFF" name="EOBF.Tests.TC1" tests="1" failures="0" timestamp="26 Feb 2018 06:03:52 GMT" time="2.191" errors="0">
  <testcase name="eobfLogin" time="2.191" classname="EOBF.Tests.TC1"/>
</testsuite> <!-- EOBF.Tests.TC1 -->
