<?xml version="1.0" encoding="UTF-8"?>
<!-- Generated by org.testng.reporters.JUnitReportReporter -->
<testsuite skipped="0" hostname="LAB10PF0X5ZFF" name="vafOnline.WordPressLogin" tests="1" failures="0" timestamp="31 Oct 2017 07:19:25 GMT" time="14.018" errors="0">
  <testcase name="loginToWordpress" time="14.018" classname="vafOnline.WordPressLogin"/>
</testsuite> <!-- vafOnline.WordPressLogin -->
