<?xml version="1.0" encoding="UTF-8"?>
<!-- Generated by org.testng.reporters.JUnitReportReporter -->
<testsuite skipped="0" hostname="LAB10PF0X5ZFF" name="sap.Application" tests="1" failures="0" timestamp="10 May 2018 11:48:25 GMT" time="102.686" errors="0">
  <testcase name="application" time="102.686" classname="sap.Application"/>
</testsuite> <!-- sap.Application -->
