<?xml version="1.0" encoding="UTF-8"?>
<!-- Generated by org.testng.reporters.JUnitReportReporter -->
<testsuite skipped="0" hostname="LAB10PF0X5ZFF" name="eobf.Application" tests="1" failures="0" timestamp="13 Mar 2018 07:49:13 GMT" time="10.707" errors="0">
  <testcase name="individualApplication" time="10.707" classname="eobf.Application"/>
</testsuite> <!-- eobf.Application -->
