<?xml version="1.0" encoding="UTF-8"?>
<!-- Generated by org.testng.reporters.JUnitReportReporter -->
<testsuite skipped="0" hostname="LAB10PF0X5ZFF" name="eobf.dbTest" tests="1" failures="0" timestamp="18 May 2018 12:54:00 GMT" time="0.256" errors="0">
  <testcase name="TestVerifyDB" time="0.256" classname="eobf.dbTest"/>
</testsuite> <!-- eobf.dbTest -->
