<?xml version="1.0" encoding="UTF-8"?>
<!-- Generated by org.testng.reporters.JUnitReportReporter -->
<testsuite skipped="0" hostname="LAB10PF0X5ZFF" name="sap.Application" tests="1" failures="0" timestamp="25 Apr 2018 09:17:59 GMT" time="22.276" errors="0">
  <testcase name="application" time="22.276" classname="sap.Application"/>
</testsuite> <!-- sap.Application -->
