<?xml version="1.0" encoding="UTF-8"?>
<!-- Generated by org.testng.reporters.JUnitReportReporter -->
<testsuite skipped="0" hostname="LAB10PF0X5ZFF" name="eobf.TC_2" tests="1" failures="0" timestamp="12 Mar 2018 07:40:24 GMT" time="9.530" errors="0">
  <testcase name="individualApplication" time="9.530" classname="eobf.TC_2"/>
</testsuite> <!-- eobf.TC_2 -->
