<?xml version="1.0" encoding="UTF-8"?>
<!-- Generated by org.testng.reporters.JUnitReportReporter -->
<testsuite skipped="0" hostname="LAB10PF0X5ZFF" name="eobf.Application" tests="1" failures="0" timestamp="04 May 2018 06:14:14 GMT" time="130.381" errors="0">
  <testcase name="application" time="130.381" classname="eobf.Application"/>
</testsuite> <!-- eobf.Application -->
