<?xml version="1.0" encoding="UTF-8"?>
<!-- Generated by org.testng.reporters.JUnitReportReporter -->
<testsuite skipped="0" hostname="LAB10PF0X5ZFF" name="eobf.EndToEnd" tests="1" failures="0" timestamp="29 May 2018 08:17:34 GMT" time="4.650" errors="0">
  <testcase name="individual" time="4.650" classname="eobf.EndToEnd"/>
</testsuite> <!-- eobf.EndToEnd -->
