<?xml version="1.0" encoding="UTF-8"?>
<!-- Generated by org.testng.reporters.JUnitReportReporter -->
<testsuite skipped="0" hostname="LAB10PF0X5ZFF" name="eobf.IndividualApplication" tests="1" failures="0" timestamp="20 Mar 2018 07:42:49 GMT" time="10.079" errors="0">
  <testcase name="individualApplication" time="10.079" classname="eobf.IndividualApplication"/>
</testsuite> <!-- eobf.IndividualApplication -->
