<?xml version="1.0" encoding="UTF-8"?>
<!-- Generated by org.testng.reporters.JUnitReportReporter -->
<testsuite skipped="0" hostname="LAB10PF0X5ZFF" name="eobf.Application" tests="1" failures="0" timestamp="06 Apr 2018 11:13:00 GMT" time="79.587" errors="0">
  <testcase name="application" time="79.587" classname="eobf.Application"/>
</testsuite> <!-- eobf.Application -->
