<?xml version="1.0" encoding="UTF-8"?>
<!-- Generated by org.testng.reporters.JUnitReportReporter -->
<testsuite skipped="0" hostname="LAB10PF0X5ZFF" name="eobf.ExtentReport" tests="2" failures="0" timestamp="01 Mar 2018 08:09:23 GMT" time="0.020" errors="0">
  <testcase name="methoTwo" time="0.018" classname="eobf.ExtentReport"/>
  <testcase name="methodOne" time="0.002" classname="eobf.ExtentReport"/>
</testsuite> <!-- eobf.ExtentReport -->
