<?xml version="1.0" encoding="UTF-8"?>
<!-- Generated by org.testng.reporters.JUnitReportReporter -->
<testsuite skipped="0" hostname="LAB10PF0X5ZFF" name="seriti.Application" tests="1" failures="0" timestamp="26 Mar 2018 07:03:56 GMT" time="1.816" errors="0">
  <testcase name="application" time="1.816" classname="seriti.Application"/>
</testsuite> <!-- seriti.Application -->
