<?xml version="1.0" encoding="UTF-8"?>
<!-- Generated by org.testng.reporters.JUnitReportReporter -->
<testsuite skipped="0" hostname="LAB10PF0X5ZFF" name="eobf.Application" tests="3" failures="0" timestamp="29 May 2018 10:28:47 GMT" time="9.235" errors="0">
  <testcase name="soleTraderFarmer" time="0.296" classname="eobf.Application"/>
  <testcase name="individual" time="4.972" classname="eobf.Application"/>
  <testcase name="soleTraderSoleProprietor" time="3.967" classname="eobf.Application"/>
</testsuite> <!-- eobf.Application -->
